22/02/2023	15:16:48	Error: ENOENT: no such file or directory, stat 'C:\Users\Sami Guetarni\OneDrive\Bureau\Test_Technique\app_blabla\server\views\404.html'	GET	/	undefined
22/02/2023	15:16:49	Error: ENOENT: no such file or directory, stat 'C:\Users\Sami Guetarni\OneDrive\Bureau\Test_Technique\app_blabla\server\views\404.html'	GET	/	undefined
22/02/2023	15:16:49	Error: ENOENT: no such file or directory, stat 'C:\Users\Sami Guetarni\OneDrive\Bureau\Test_Technique\app_blabla\server\views\404.html'	GET	/favicon.ico	undefined
22/02/2023	15:16:54	Error: ENOENT: no such file or directory, stat 'C:\Users\Sami Guetarni\OneDrive\Bureau\Test_Technique\app_blabla\server\views\404.html'	GET	/api	undefined
22/02/2023	15:17:46	Error: ENOENT: no such file or directory, stat 'C:\Users\Sami Guetarni\OneDrive\Bureau\Test_Technique\app_blabla\server\views\404.html'	GET	/api	undefined
22/02/2023	15:17:47	Error: ENOENT: no such file or directory, stat 'C:\Users\Sami Guetarni\OneDrive\Bureau\Test_Technique\app_blabla\server\views\404.html'	GET	/api	undefined
22/02/2023	15:18:35	Error: ENOENT: no such file or directory, stat 'C:\Users\Sami Guetarni\OneDrive\Bureau\Test_Technique\app_blabla\server\views\404.html'	GET	/api	undefined
22/02/2023	15:20:03	Error: ENOENT: no such file or directory, stat 'C:\Users\Sami Guetarni\OneDrive\Bureau\Test_Technique\app_blabla\server\views\404.html'	GET	/api	undefined
22/02/2023	15:20:18	Error: ENOENT: no such file or directory, stat 'C:\Users\Sami Guetarni\OneDrive\Bureau\Test_Technique\app_blabla\server\views\404.html'	GET	/api	undefined
22/02/2023	15:41:43	Error: ENOENT: no such file or directory, stat 'C:\Users\Sami Guetarni\OneDrive\Bureau\Test_Technique\app_blabla\server\views\404.html'	POST	/api/protected	undefined
22/02/2023	15:41:49	TypeError: Cannot read properties of undefined (reading 'split')	GET	/api/protected	undefined
22/02/2023	15:55:41	Error: ENOENT: no such file or directory, stat 'C:\Users\Sami Guetarni\OneDrive\Bureau\Test_Technique\app_blabla\server\views\404.html'	GET	/api/login	undefined
22/02/2023	15:57:34	Error: ENOENT: no such file or directory, stat 'C:\Users\Sami Guetarni\OneDrive\Bureau\Test_Technique\app_blabla\server\views\404.html'	GET	/api/login	undefined
22/02/2023	19:28:11	Error: ENOENT: no such file or directory, stat 'C:\Users\Sami Guetarni\OneDrive\Bureau\Test_Technique\app_blabla\server\views\404.html'	GET	/api/login	undefined
22/02/2023	19:31:07	Error: ENOENT: no such file or directory, stat 'C:\Users\Sami Guetarni\OneDrive\Bureau\Test_Technique\app_blabla\server\views\404.html'	GET	/api/login	undefined
22/02/2023	19:43:17	Error: ENOENT: no such file or directory, stat 'C:\Users\Sami Guetarni\OneDrive\Bureau\Test_Technique\app_blabla\server\views\404.html'	GET	/api/login	undefined
22/02/2023	19:44:49	Error: ENOENT: no such file or directory, stat 'C:\Users\Sami Guetarni\OneDrive\Bureau\Test_Technique\app_blabla\server\views\404.html'	POST	/api/login%20	undefined
22/02/2023	19:52:25	Error: ENOENT: no such file or directory, stat 'C:\Users\Sami Guetarni\OneDrive\Bureau\Test_Technique\app_blabla\server\views\404.html'	POST	/api/login%20	undefined
22/02/2023	20:02:38	Error: ENOENT: no such file or directory, stat 'C:\Users\Sami Guetarni\OneDrive\Bureau\Test_Technique\app_blabla\server\views\404.html'	POST	/Users/2	undefined
24/02/2023	11:14:58	Error: ENOENT: no such file or directory, stat 'C:\Users\Sami Guetarni\OneDrive\Bureau\Test_Technique\app_blabla\server\views\404.html'	GET	/	undefined
24/02/2023	11:15:03	Error: ENOENT: no such file or directory, stat 'C:\Users\Sami Guetarni\OneDrive\Bureau\Test_Technique\app_blabla\server\views\404.html'	GET	/api/protect	undefined
24/02/2023	11:15:03	Error: ENOENT: no such file or directory, stat 'C:\Users\Sami Guetarni\OneDrive\Bureau\Test_Technique\app_blabla\server\views\404.html'	GET	/favicon.ico	undefined
24/02/2023	18:19:58	Error: ENOENT: no such file or directory, stat 'C:\Users\Sami Guetarni\OneDrive\Bureau\Test_Technique\app_blabla\server\views\404.html'	GET	/api/login	undefined
24/02/2023	18:19:59	Error: ENOENT: no such file or directory, stat 'C:\Users\Sami Guetarni\OneDrive\Bureau\Test_Technique\app_blabla\server\views\404.html'	GET	/favicon.ico	undefined
