22/02/2023	15:16:48	GET	/	undefined
22/02/2023	15:16:49	GET	/	undefined
22/02/2023	15:16:49	GET	/favicon.ico	undefined
22/02/2023	15:16:54	GET	/api	undefined
22/02/2023	15:17:46	GET	/api	undefined
22/02/2023	15:17:47	GET	/api	undefined
22/02/2023	15:18:35	GET	/api	undefined
22/02/2023	15:20:03	GET	/api	undefined
22/02/2023	15:20:18	GET	/api	undefined
22/02/2023	15:22:41	GET	/api	undefined
22/02/2023	15:33:02	POST	/api/login	undefined
22/02/2023	15:41:43	POST	/api/protected	undefined
22/02/2023	15:41:49	GET	/api/protected	undefined
22/02/2023	15:46:54	GET	/api/protected	undefined
22/02/2023	15:55:33	GET	/api/protected	undefined
22/02/2023	15:55:41	GET	/api/login	undefined
22/02/2023	15:55:48	POST	/api/login	undefined
22/02/2023	15:57:34	GET	/api/login	undefined
22/02/2023	15:58:21	GET	/api/protected	undefined
22/02/2023	16:00:10	POST	/api/login	undefined
22/02/2023	16:00:44	GET	/api/protected	undefined
22/02/2023	19:28:11	GET	/api/login	undefined
22/02/2023	19:31:07	GET	/api/login	undefined
22/02/2023	19:34:02	GET	/api/login	undefined
22/02/2023	19:43:17	GET	/api/login	undefined
22/02/2023	19:44:49	POST	/api/login%20	undefined
22/02/2023	19:52:25	POST	/api/login%20	undefined
22/02/2023	20:02:37	POST	/Users/2	undefined
22/02/2023	20:02:55	POST	/api/login	undefined
22/02/2023	20:03:11	POST	/api/login	undefined
22/02/2023	20:18:30	POST	/api/login	undefined
23/02/2023	14:51:00	POST	/api/login	undefined
23/02/2023	14:51:19	GET	/api/protected	undefined
23/02/2023	14:55:50	POST	/api/login	undefined
23/02/2023	14:56:00	POST	/api/login	undefined
23/02/2023	14:56:19	POST	/api/login	undefined
23/02/2023	14:56:44	POST	/api/login	undefined
23/02/2023	14:56:51	POST	/api/login	undefined
23/02/2023	14:56:58	POST	/api/login	undefined
23/02/2023	15:07:04	POST	/api/login	undefined
23/02/2023	15:11:17	GET	/api/protected	undefined
23/02/2023	15:18:36	GET	/api/protected	undefined
23/02/2023	15:18:56	POST	/api/login	undefined
23/02/2023	15:25:20	POST	/api/login	undefined
24/02/2023	11:14:58	GET	/	undefined
24/02/2023	11:15:03	GET	/api/protect	undefined
24/02/2023	11:15:03	GET	/favicon.ico	undefined
24/02/2023	11:15:15	POST	/api/login	undefined
24/02/2023	11:25:19	POST	/api/login	undefined
24/02/2023	11:25:26	POST	/api/login	undefined
24/02/2023	11:25:32	POST	/api/login	undefined
24/02/2023	18:12:48	POST	/api/login	undefined
24/02/2023	18:13:01	POST	/api/login	undefined
24/02/2023	18:13:08	POST	/api/login	undefined
24/02/2023	18:13:48	GET	/api/protected	undefined
24/02/2023	18:19:58	GET	/api/login	undefined
24/02/2023	18:19:59	GET	/favicon.ico	undefined
24/02/2023	18:20:17	GET	/api/protected	undefined
24/02/2023	18:26:55	GET	/api/login	undefined
24/02/2023	18:28:47	GET	/api/login	undefined
24/02/2023	18:31:21	POST	/api/protected	undefined
24/02/2023	18:31:27	GET	/api/protected	undefined
24/02/2023	19:02:07	GET	/api/protected	undefined
24/02/2023	19:02:11	POST	/api/protected	undefined
